This is pdfTeX, Version 3.1415926-2.5-1.40.14 (MiKTeX 2.9 64-bit) (preloaded format=pdflatex 2014.8.25)  30 MAY 2015 11:30
entering extended mode
**Relatorio_Parzen_GustavoSiebra.tex

("C:\Users\Tecno\Dropbox\[IFCE] Mestrado\Machine Learning\Trabalhos\Parzen\Parz
en - Gustavo\Trabalho\Relatorio_Parzen_GustavoSiebra.tex"
LaTeX2e <2014/05/01>
Babel <3.9k> and hyphenation patterns for 68 languages loaded.
("C:\Program Files\MiKTeX 2.9\tex\latex\elsarticle\elsarticle.cls"
Document Class: elsarticle 2009/09/17, 1.2.0: Elsevier Ltd
\@bls=\dimen102
("C:\Program Files\MiKTeX 2.9\tex\latex\base\article.cls"
Document Class: article 2007/10/19 v1.4h Standard LaTeX document class
("C:\Program Files\MiKTeX 2.9\tex\latex\base\size12.clo"
File: size12.clo 2007/10/19 v1.4h Standard LaTeX file (size option)
)
\c@part=\count79
\c@section=\count80
\c@subsection=\count81
\c@subsubsection=\count82
\c@paragraph=\count83
\c@subparagraph=\count84
\c@figure=\count85
\c@table=\count86
\abovecaptionskip=\skip41
\belowcaptionskip=\skip42
\bibindent=\dimen103
)
("C:\Program Files\MiKTeX 2.9\tex\latex\graphics\graphicx.sty"
Package: graphicx 2014/04/25 v1.0g Enhanced LaTeX Graphics (DPC,SPQR)

("C:\Program Files\MiKTeX 2.9\tex\latex\graphics\keyval.sty"
Package: keyval 2014/05/08 v1.15 key=value parser (DPC)
\KV@toks@=\toks14
)
("C:\Program Files\MiKTeX 2.9\tex\latex\graphics\graphics.sty"
Package: graphics 2009/02/05 v1.0o Standard LaTeX Graphics (DPC,SPQR)

("C:\Program Files\MiKTeX 2.9\tex\latex\graphics\trig.sty"
Package: trig 1999/03/16 v1.09 sin cos tan (DPC)
)
("C:\Program Files\MiKTeX 2.9\tex\latex\00miktex\graphics.cfg"
File: graphics.cfg 2007/01/18 v1.5 graphics configuration of teTeX/TeXLive
)
Package graphics Info: Driver file: pdftex.def on input line 91.

("C:\Program Files\MiKTeX 2.9\tex\latex\pdftex-def\pdftex.def"
File: pdftex.def 2011/05/27 v0.06d Graphics/color for pdfTeX

("C:\Program Files\MiKTeX 2.9\tex\generic\oberdiek\infwarerr.sty"
Package: infwarerr 2010/04/08 v1.3 Providing info/warning/error messages (HO)
)
("C:\Program Files\MiKTeX 2.9\tex\generic\oberdiek\ltxcmds.sty"
Package: ltxcmds 2011/11/09 v1.22 LaTeX kernel commands for general use (HO)
)
\Gread@gobject=\count87
))
\Gin@req@height=\dimen104
\Gin@req@width=\dimen105
)
("C:\Program Files\MiKTeX 2.9\tex\latex\psnfss\pifont.sty"
Package: pifont 2005/04/12 PSNFSS-v9.2a Pi font support (SPQR) 
LaTeX Font Info:    Try loading font information for U+pzd on input line 63.

("C:\Program Files\MiKTeX 2.9\tex\latex\psnfss\upzd.fd"
File: upzd.fd 2001/06/04 font definitions for U/pzd.
)
LaTeX Font Info:    Try loading font information for U+psy on input line 64.

("C:\Program Files\MiKTeX 2.9\tex\latex\psnfss\upsy.fd"
File: upsy.fd 2001/06/04 font definitions for U/psy.
))
\c@tnote=\count88
\c@fnote=\count89
\c@cnote=\count90
\c@ead=\count91
\c@author=\count92
\@eadauthor=\toks15
\c@affn=\count93
\absbox=\box26
\keybox=\box27
\Columnwidth=\dimen106
\space@left=\dimen107
\els@boxa=\box28
\els@boxb=\box29
\leftMargin=\dimen108
\@enLab=\toks16
\@sep=\skip43
\@@sep=\skip44

("C:\Users\Tecno\Dropbox\[IFCE] Mestrado\Machine Learning\Trabalhos\Parzen\Parz
en - Gustavo\Trabalho\Relatorio_Parzen_GustavoSiebra.spl")
("C:\Program Files\MiKTeX 2.9\tex\latex\natbib\natbib.sty"
Package: natbib 2010/09/13 8.31b (PWD, AO)
\bibhang=\skip45
\bibsep=\skip46
LaTeX Info: Redefining \cite on input line 694.
\c@NAT@ctr=\count94
)
\splwrite=\write3
)
("C:\Program Files\MiKTeX 2.9\tex\latex\amsfonts\amssymb.sty"
Package: amssymb 2013/01/14 v3.01 AMS font symbols

("C:\Program Files\MiKTeX 2.9\tex\latex\amsfonts\amsfonts.sty"
Package: amsfonts 2013/01/14 v3.01 Basic AMSFonts support
\@emptytoks=\toks17
\symAMSa=\mathgroup4
\symAMSb=\mathgroup5
LaTeX Font Info:    Overwriting math alphabet `\mathfrak' in version `bold'
(Font)                  U/euf/m/n --> U/euf/b/n on input line 106.
))
("C:\Program Files\MiKTeX 2.9\tex\latex\babel\babel.sty"
Package: babel 2014/03/24 3.9k The Babel package

*************************************
* Local config file bblopts.cfg used
*
("C:\Program Files\MiKTeX 2.9\tex\latex\00miktex\bblopts.cfg"
File: bblopts.cfg 2006/07/31 v1.0 MiKTeX 'babel' configuration
)
("C:\Program Files\MiKTeX 2.9\tex\latex\babel-portuges\portuges.ldf"
Language: portuges 2008/03/18 v1.2q Portuguese support from the babel system

("C:\Program Files\MiKTeX 2.9\tex\latex\babel\babel.def"
File: babel.def 2014/03/24 3.9k Babel common definitions
\babel@savecnt=\count95
\U@D=\dimen109
)
Package babel Info: Making " an active character on input line 145.
))
("C:\Program Files\MiKTeX 2.9\tex\latex\base\inputenc.sty"
Package: inputenc 2014/04/30 v1.2b Input encoding file
\inpenc@prehook=\toks18
\inpenc@posthook=\toks19

("C:\Program Files\MiKTeX 2.9\tex\latex\base\utf8.def"
File: utf8.def 2008/04/05 v1.1m UTF-8 support for inputenc
Now handling font encoding OML ...
... no UTF-8 mapping file for font encoding OML
Now handling font encoding T1 ...
... processing UTF-8 mapping file for font encoding T1

("C:\Program Files\MiKTeX 2.9\tex\latex\base\t1enc.dfu"
File: t1enc.dfu 2008/04/05 v1.1m UTF-8 support for inputenc
   defining Unicode char U+00A1 (decimal 161)
   defining Unicode char U+00A3 (decimal 163)
   defining Unicode char U+00AB (decimal 171)
   defining Unicode char U+00BB (decimal 187)
   defining Unicode char U+00BF (decimal 191)
   defining Unicode char U+00C0 (decimal 192)
   defining Unicode char U+00C1 (decimal 193)
   defining Unicode char U+00C2 (decimal 194)
   defining Unicode char U+00C3 (decimal 195)
   defining Unicode char U+00C4 (decimal 196)
   defining Unicode char U+00C5 (decimal 197)
   defining Unicode char U+00C6 (decimal 198)
   defining Unicode char U+00C7 (decimal 199)
   defining Unicode char U+00C8 (decimal 200)
   defining Unicode char U+00C9 (decimal 201)
   defining Unicode char U+00CA (decimal 202)
   defining Unicode char U+00CB (decimal 203)
   defining Unicode char U+00CC (decimal 204)
   defining Unicode char U+00CD (decimal 205)
   defining Unicode char U+00CE (decimal 206)
   defining Unicode char U+00CF (decimal 207)
   defining Unicode char U+00D0 (decimal 208)
   defining Unicode char U+00D1 (decimal 209)
   defining Unicode char U+00D2 (decimal 210)
   defining Unicode char U+00D3 (decimal 211)
   defining Unicode char U+00D4 (decimal 212)
   defining Unicode char U+00D5 (decimal 213)
   defining Unicode char U+00D6 (decimal 214)
   defining Unicode char U+00D8 (decimal 216)
   defining Unicode char U+00D9 (decimal 217)
   defining Unicode char U+00DA (decimal 218)
   defining Unicode char U+00DB (decimal 219)
   defining Unicode char U+00DC (decimal 220)
   defining Unicode char U+00DD (decimal 221)
   defining Unicode char U+00DE (decimal 222)
   defining Unicode char U+00DF (decimal 223)
   defining Unicode char U+00E0 (decimal 224)
   defining Unicode char U+00E1 (decimal 225)
   defining Unicode char U+00E2 (decimal 226)
   defining Unicode char U+00E3 (decimal 227)
   defining Unicode char U+00E4 (decimal 228)
   defining Unicode char U+00E5 (decimal 229)
   defining Unicode char U+00E6 (decimal 230)
   defining Unicode char U+00E7 (decimal 231)
   defining Unicode char U+00E8 (decimal 232)
   defining Unicode char U+00E9 (decimal 233)
   defining Unicode char U+00EA (decimal 234)
   defining Unicode char U+00EB (decimal 235)
   defining Unicode char U+00EC (decimal 236)
   defining Unicode char U+00ED (decimal 237)
   defining Unicode char U+00EE (decimal 238)
   defining Unicode char U+00EF (decimal 239)
   defining Unicode char U+00F0 (decimal 240)
   defining Unicode char U+00F1 (decimal 241)
   defining Unicode char U+00F2 (decimal 242)
   defining Unicode char U+00F3 (decimal 243)
   defining Unicode char U+00F4 (decimal 244)
   defining Unicode char U+00F5 (decimal 245)
   defining Unicode char U+00F6 (decimal 246)
   defining Unicode char U+00F8 (decimal 248)
   defining Unicode char U+00F9 (decimal 249)
   defining Unicode char U+00FA (decimal 250)
   defining Unicode char U+00FB (decimal 251)
   defining Unicode char U+00FC (decimal 252)
   defining Unicode char U+00FD (decimal 253)
   defining Unicode char U+00FE (decimal 254)
   defining Unicode char U+00FF (decimal 255)
   defining Unicode char U+0102 (decimal 258)
   defining Unicode char U+0103 (decimal 259)
   defining Unicode char U+0104 (decimal 260)
   defining Unicode char U+0105 (decimal 261)
   defining Unicode char U+0106 (decimal 262)
   defining Unicode char U+0107 (decimal 263)
   defining Unicode char U+010C (decimal 268)
   defining Unicode char U+010D (decimal 269)
   defining Unicode char U+010E (decimal 270)
   defining Unicode char U+010F (decimal 271)
   defining Unicode char U+0110 (decimal 272)
   defining Unicode char U+0111 (decimal 273)
   defining Unicode char U+0118 (decimal 280)
   defining Unicode char U+0119 (decimal 281)
   defining Unicode char U+011A (decimal 282)
   defining Unicode char U+011B (decimal 283)
   defining Unicode char U+011E (decimal 286)
   defining Unicode char U+011F (decimal 287)
   defining Unicode char U+0130 (decimal 304)
   defining Unicode char U+0131 (decimal 305)
   defining Unicode char U+0132 (decimal 306)
   defining Unicode char U+0133 (decimal 307)
   defining Unicode char U+0139 (decimal 313)
   defining Unicode char U+013A (decimal 314)
   defining Unicode char U+013D (decimal 317)
   defining Unicode char U+013E (decimal 318)
   defining Unicode char U+0141 (decimal 321)
   defining Unicode char U+0142 (decimal 322)
   defining Unicode char U+0143 (decimal 323)
   defining Unicode char U+0144 (decimal 324)
   defining Unicode char U+0147 (decimal 327)
   defining Unicode char U+0148 (decimal 328)
   defining Unicode char U+014A (decimal 330)
   defining Unicode char U+014B (decimal 331)
   defining Unicode char U+0150 (decimal 336)
   defining Unicode char U+0151 (decimal 337)
   defining Unicode char U+0152 (decimal 338)
   defining Unicode char U+0153 (decimal 339)
   defining Unicode char U+0154 (decimal 340)
   defining Unicode char U+0155 (decimal 341)
   defining Unicode char U+0158 (decimal 344)
   defining Unicode char U+0159 (decimal 345)
   defining Unicode char U+015A (decimal 346)
   defining Unicode char U+015B (decimal 347)
   defining Unicode char U+015E (decimal 350)
   defining Unicode char U+015F (decimal 351)
   defining Unicode char U+0160 (decimal 352)
   defining Unicode char U+0161 (decimal 353)
   defining Unicode char U+0162 (decimal 354)
   defining Unicode char U+0163 (decimal 355)
   defining Unicode char U+0164 (decimal 356)
   defining Unicode char U+0165 (decimal 357)
   defining Unicode char U+016E (decimal 366)
   defining Unicode char U+016F (decimal 367)
   defining Unicode char U+0170 (decimal 368)
   defining Unicode char U+0171 (decimal 369)
   defining Unicode char U+0178 (decimal 376)
   defining Unicode char U+0179 (decimal 377)
   defining Unicode char U+017A (decimal 378)
   defining Unicode char U+017B (decimal 379)
   defining Unicode char U+017C (decimal 380)
   defining Unicode char U+017D (decimal 381)
   defining Unicode char U+017E (decimal 382)
   defining Unicode char U+200C (decimal 8204)
   defining Unicode char U+2013 (decimal 8211)
   defining Unicode char U+2014 (decimal 8212)
   defining Unicode char U+2018 (decimal 8216)
   defining Unicode char U+2019 (decimal 8217)
   defining Unicode char U+201A (decimal 8218)
   defining Unicode char U+201C (decimal 8220)
   defining Unicode char U+201D (decimal 8221)
   defining Unicode char U+201E (decimal 8222)
   defining Unicode char U+2030 (decimal 8240)
   defining Unicode char U+2031 (decimal 8241)
   defining Unicode char U+2039 (decimal 8249)
   defining Unicode char U+203A (decimal 8250)
   defining Unicode char U+2423 (decimal 9251)
)
Now handling font encoding OT1 ...
... processing UTF-8 mapping file for font encoding OT1

("C:\Program Files\MiKTeX 2.9\tex\latex\base\ot1enc.dfu"
File: ot1enc.dfu 2008/04/05 v1.1m UTF-8 support for inputenc
   defining Unicode char U+00A1 (decimal 161)
   defining Unicode char U+00A3 (decimal 163)
   defining Unicode char U+00B8 (decimal 184)
   defining Unicode char U+00BF (decimal 191)
   defining Unicode char U+00C5 (decimal 197)
   defining Unicode char U+00C6 (decimal 198)
   defining Unicode char U+00D8 (decimal 216)
   defining Unicode char U+00DF (decimal 223)
   defining Unicode char U+00E6 (decimal 230)
   defining Unicode char U+00EC (decimal 236)
   defining Unicode char U+00ED (decimal 237)
   defining Unicode char U+00EE (decimal 238)
   defining Unicode char U+00EF (decimal 239)
   defining Unicode char U+00F8 (decimal 248)
   defining Unicode char U+0131 (decimal 305)
   defining Unicode char U+0141 (decimal 321)
   defining Unicode char U+0142 (decimal 322)
   defining Unicode char U+0152 (decimal 338)
   defining Unicode char U+0153 (decimal 339)
   defining Unicode char U+2013 (decimal 8211)
   defining Unicode char U+2014 (decimal 8212)
   defining Unicode char U+2018 (decimal 8216)
   defining Unicode char U+2019 (decimal 8217)
   defining Unicode char U+201C (decimal 8220)
   defining Unicode char U+201D (decimal 8221)
)
Now handling font encoding OMS ...
... processing UTF-8 mapping file for font encoding OMS

("C:\Program Files\MiKTeX 2.9\tex\latex\base\omsenc.dfu"
File: omsenc.dfu 2008/04/05 v1.1m UTF-8 support for inputenc
   defining Unicode char U+00A7 (decimal 167)
   defining Unicode char U+00B6 (decimal 182)
   defining Unicode char U+00B7 (decimal 183)
   defining Unicode char U+2020 (decimal 8224)
   defining Unicode char U+2021 (decimal 8225)
   defining Unicode char U+2022 (decimal 8226)
)
Now handling font encoding OMX ...
... no UTF-8 mapping file for font encoding OMX
Now handling font encoding U ...
... no UTF-8 mapping file for font encoding U
   defining Unicode char U+00A9 (decimal 169)
   defining Unicode char U+00AA (decimal 170)
   defining Unicode char U+00AE (decimal 174)
   defining Unicode char U+00BA (decimal 186)
   defining Unicode char U+02C6 (decimal 710)
   defining Unicode char U+02DC (decimal 732)
   defining Unicode char U+200C (decimal 8204)
   defining Unicode char U+2026 (decimal 8230)
   defining Unicode char U+2122 (decimal 8482)
   defining Unicode char U+2423 (decimal 9251)
))
("C:\Program Files\MiKTeX 2.9\tex\latex\amsmath\amsmath.sty"
Package: amsmath 2013/01/14 v2.14 AMS math features
\@mathmargin=\skip47

For additional information on amsmath, use the `?' option.
("C:\Program Files\MiKTeX 2.9\tex\latex\amsmath\amstext.sty"
Package: amstext 2000/06/29 v2.01

("C:\Program Files\MiKTeX 2.9\tex\latex\amsmath\amsgen.sty"
File: amsgen.sty 1999/11/30 v2.0
\@emptytoks=\toks20
\ex@=\dimen110
))
("C:\Program Files\MiKTeX 2.9\tex\latex\amsmath\amsbsy.sty"
Package: amsbsy 1999/11/29 v1.2d
\pmbraise@=\dimen111
)
("C:\Program Files\MiKTeX 2.9\tex\latex\amsmath\amsopn.sty"
Package: amsopn 1999/12/14 v2.01 operator names
)
\inf@bad=\count96
LaTeX Info: Redefining \frac on input line 210.
\uproot@=\count97
\leftroot@=\count98
LaTeX Info: Redefining \overline on input line 306.
\classnum@=\count99
\DOTSCASE@=\count100
LaTeX Info: Redefining \ldots on input line 378.
LaTeX Info: Redefining \dots on input line 381.
LaTeX Info: Redefining \cdots on input line 466.
\Mathstrutbox@=\box30
\strutbox@=\box31
\big@size=\dimen112
LaTeX Font Info:    Redeclaring font encoding OML on input line 566.
LaTeX Font Info:    Redeclaring font encoding OMS on input line 567.
\macc@depth=\count101
\c@MaxMatrixCols=\count102
\dotsspace@=\muskip10
\c@parentequation=\count103
\dspbrk@lvl=\count104
\tag@help=\toks21
\row@=\count105
\column@=\count106
\maxfields@=\count107
\andhelp@=\toks22
\eqnshift@=\dimen113
\alignsep@=\dimen114
\tagshift@=\dimen115
\tagwidth@=\dimen116
\totwidth@=\dimen117
\lineht@=\dimen118
\@envbody=\toks23
\multlinegap=\skip48
\multlinetaggap=\skip49
\mathdisplay@stack=\toks24
LaTeX Info: Redefining \[ on input line 2665.
LaTeX Info: Redefining \] on input line 2666.
)
("C:\Program Files\MiKTeX 2.9\tex\latex\oberdiek\epstopdf.sty"
Package: epstopdf 2010/02/09 v2.5 Conversion with epstopdf on the fly (HO)

("C:\Program Files\MiKTeX 2.9\tex\latex\oberdiek\epstopdf-base.sty"
Package: epstopdf-base 2010/02/09 v2.5 Base part for package epstopdf

("C:\Program Files\MiKTeX 2.9\tex\latex\oberdiek\grfext.sty"
Package: grfext 2010/08/19 v1.1 Manage graphics extensions (HO)

("C:\Program Files\MiKTeX 2.9\tex\generic\oberdiek\kvdefinekeys.sty"
Package: kvdefinekeys 2011/04/07 v1.3 Define keys (HO)
))
("C:\Program Files\MiKTeX 2.9\tex\latex\oberdiek\kvoptions.sty"
Package: kvoptions 2011/06/30 v3.11 Key value format for package options (HO)

("C:\Program Files\MiKTeX 2.9\tex\generic\oberdiek\kvsetkeys.sty"
Package: kvsetkeys 2012/04/25 v1.16 Key value parser (HO)

("C:\Program Files\MiKTeX 2.9\tex\generic\oberdiek\etexcmds.sty"
Package: etexcmds 2011/02/16 v1.5 Avoid name clashes with e-TeX commands (HO)

("C:\Program Files\MiKTeX 2.9\tex\generic\oberdiek\ifluatex.sty"
Package: ifluatex 2010/03/01 v1.3 Provides the ifluatex switch (HO)
Package ifluatex Info: LuaTeX not detected.
)
Package etexcmds Info: Could not find \expanded.
(etexcmds)             That can mean that you are not using pdfTeX 1.50 or
(etexcmds)             that some package has redefined \expanded.
(etexcmds)             In the latter case, load this package earlier.
)))
("C:\Program Files\MiKTeX 2.9\tex\generic\oberdiek\pdftexcmds.sty"
Package: pdftexcmds 2011/11/29 v0.20 Utility functions of pdfTeX for LuaTeX (HO
)

("C:\Program Files\MiKTeX 2.9\tex\generic\oberdiek\ifpdf.sty"
Package: ifpdf 2011/01/30 v2.3 Provides the ifpdf switch (HO)
Package ifpdf Info: pdfTeX in PDF mode is detected.
)
Package pdftexcmds Info: LuaTeX not detected.
Package pdftexcmds Info: \pdf@primitive is available.
Package pdftexcmds Info: \pdf@ifprimitive is available.
Package pdftexcmds Info: \pdfdraftmode found.
)
Package grfext Info: Graphics extension search list:
(grfext)             [.png,.pdf,.jpg,.mps,.jpeg,.jbig2,.jb2,.PNG,.PDF,.JPG,.JPE
G,.JBIG2,.JB2,.eps]
(grfext)             \AppendGraphicsExtensions on input line 452.
))
("C:\Program Files\MiKTeX 2.9\tex\latex\subfigure\subfigure.sty"
Package: subfigure 2002/07/30 v2.1.4 subfigure package
\subfigtopskip=\skip50
\subfigcapskip=\skip51
\subfigcaptopadj=\dimen119
\subfigbottomskip=\skip52
\subfigcapmargin=\dimen120
\subfiglabelskip=\skip53
\c@subfigure=\count108
\c@lofdepth=\count109
\c@subtable=\count110
\c@lotdepth=\count111

****************************************
* Local config file subfigure.cfg used *
****************************************
("C:\Program Files\MiKTeX 2.9\tex\latex\subfigure\subfigure.cfg")
\subfig@top=\skip54
\subfig@bottom=\skip55
)
("C:\Program Files\MiKTeX 2.9\tex\latex\float\float.sty"
Package: float 2001/11/08 v1.3d Float enhancements (AL)
\c@float@type=\count112
\float@exts=\toks25
\float@box=\box32
\@float@everytoks=\toks26
\@floatcapt=\box33
)
("C:\Program Files\MiKTeX 2.9\tex\latex\listings\listings.sty"
\lst@mode=\count113
\lst@gtempboxa=\box34
\lst@token=\toks27
\lst@length=\count114
\lst@currlwidth=\dimen121
\lst@column=\count115
\lst@pos=\count116
\lst@lostspace=\dimen122
\lst@width=\dimen123
\lst@newlines=\count117
\lst@lineno=\count118
\lst@maxwidth=\dimen124

("C:\Program Files\MiKTeX 2.9\tex\latex\listings\lstmisc.sty"
File: lstmisc.sty 2014/03/04 1.5c (Carsten Heinz)
\c@lstnumber=\count119
\lst@skipnumbers=\count120
\lst@framebox=\box35
)
("C:\Program Files\MiKTeX 2.9\tex\latex\listings\listings.cfg"
File: listings.cfg 2014/03/04 1.5c listings configuration
))
Package: listings 2014/03/04 1.5c (Carsten Heinz)

("C:\Program Files\MiKTeX 2.9\tex\latex\multirow\multirow.sty"
\bigstrutjot=\dimen125
)
("C:\Program Files\MiKTeX 2.9\tex\latex\booktabs\booktabs.sty"
Package: booktabs 2005/04/14 v1.61803 publication quality tables
\heavyrulewidth=\dimen126
\lightrulewidth=\dimen127
\cmidrulewidth=\dimen128
\belowrulesep=\dimen129
\belowbottomsep=\dimen130
\aboverulesep=\dimen131
\abovetopsep=\dimen132
\cmidrulesep=\dimen133
\cmidrulekern=\dimen134
\defaultaddspace=\dimen135
\@cmidla=\count121
\@cmidlb=\count122
\@aboverulesep=\dimen136
\@belowrulesep=\dimen137
\@thisruleclass=\count123
\@lastruleclass=\count124
\@thisrulewidth=\dimen138
)
("C:\Program Files\MiKTeX 2.9\tex\latex\xcolor\xcolor.sty"
Package: xcolor 2007/01/21 v2.11 LaTeX color extensions (UK)

("C:\Program Files\MiKTeX 2.9\tex\latex\00miktex\color.cfg"
File: color.cfg 2007/01/18 v1.5 color configuration of teTeX/TeXLive
)
Package xcolor Info: Driver file: pdftex.def on input line 225.

("C:\Program Files\MiKTeX 2.9\tex\latex\colortbl\colortbl.sty"
Package: colortbl 2012/02/13 v1.0a Color table columns (DPC)

("C:\Program Files\MiKTeX 2.9\tex\latex\tools\array.sty"
Package: array 2008/09/09 v2.4c Tabular extension package (FMi)
\col@sep=\dimen139
\extrarowheight=\dimen140
\NC@list=\toks28
\extratabsurround=\skip56
\backup@length=\skip57
)
\everycr=\toks29
\minrowclearance=\skip58
)
\rownum=\count125
Package xcolor Info: Model `cmy' substituted by `cmy0' on input line 1337.
Package xcolor Info: Model `hsb' substituted by `rgb' on input line 1341.
Package xcolor Info: Model `RGB' extended on input line 1353.
Package xcolor Info: Model `HTML' substituted by `rgb' on input line 1355.
Package xcolor Info: Model `Hsb' substituted by `hsb' on input line 1356.
Package xcolor Info: Model `tHsb' substituted by `hsb' on input line 1357.
Package xcolor Info: Model `HSB' substituted by `hsb' on input line 1358.
Package xcolor Info: Model `Gray' substituted by `gray' on input line 1359.
Package xcolor Info: Model `wave' substituted by `hsb' on input line 1360.
)
("C:\Users\Tecno\Dropbox\[IFCE] Mestrado\Machine Learning\Trabalhos\Parzen\Parz
en - Gustavo\Trabalho\mcode.sty"
-- Package: `mcode' 2.5 <2014/03/06> --
Package: mcode 2014/03/06 2.5
 - settings optimized for display (colour formating)
 - line numbering enabled
 - framed listings
("C:\Program Files\MiKTeX 2.9\tex\latex\base\textcomp.sty"
Package: textcomp 2005/09/27 v1.99g Standard LaTeX package
Package textcomp Info: Sub-encoding information:
(textcomp)               5 = only ISO-Adobe without \textcurrency
(textcomp)               4 = 5 + \texteuro
(textcomp)               3 = 4 + \textohm
(textcomp)               2 = 3 + \textestimated + \textcurrency
(textcomp)               1 = TS1 - \textcircled - \t
(textcomp)               0 = TS1 (full)
(textcomp)             Font families with sub-encoding setting implement
(textcomp)             only a restricted character set as indicated.
(textcomp)             Family '?' is the default used for unknown fonts.
(textcomp)             See the documentation for details.
Package textcomp Info: Setting ? sub-encoding to TS1/1 on input line 71.

("C:\Program Files\MiKTeX 2.9\tex\latex\base\ts1enc.def"
File: ts1enc.def 2001/06/05 v3.0e (jk/car/fm) Standard LaTeX file
Now handling font encoding TS1 ...
... processing UTF-8 mapping file for font encoding TS1

("C:\Program Files\MiKTeX 2.9\tex\latex\base\ts1enc.dfu"
File: ts1enc.dfu 2008/04/05 v1.1m UTF-8 support for inputenc
   defining Unicode char U+00A2 (decimal 162)
   defining Unicode char U+00A3 (decimal 163)
   defining Unicode char U+00A4 (decimal 164)
   defining Unicode char U+00A5 (decimal 165)
   defining Unicode char U+00A6 (decimal 166)
   defining Unicode char U+00A7 (decimal 167)
   defining Unicode char U+00A8 (decimal 168)
   defining Unicode char U+00A9 (decimal 169)
   defining Unicode char U+00AA (decimal 170)
   defining Unicode char U+00AC (decimal 172)
   defining Unicode char U+00AE (decimal 174)
   defining Unicode char U+00AF (decimal 175)
   defining Unicode char U+00B0 (decimal 176)
   defining Unicode char U+00B1 (decimal 177)
   defining Unicode char U+00B2 (decimal 178)
   defining Unicode char U+00B3 (decimal 179)
   defining Unicode char U+00B4 (decimal 180)
   defining Unicode char U+00B5 (decimal 181)
   defining Unicode char U+00B6 (decimal 182)
   defining Unicode char U+00B7 (decimal 183)
   defining Unicode char U+00B9 (decimal 185)
   defining Unicode char U+00BA (decimal 186)
   defining Unicode char U+00BC (decimal 188)
   defining Unicode char U+00BD (decimal 189)
   defining Unicode char U+00BE (decimal 190)
   defining Unicode char U+00D7 (decimal 215)
   defining Unicode char U+00F7 (decimal 247)
   defining Unicode char U+0192 (decimal 402)
   defining Unicode char U+02C7 (decimal 711)
   defining Unicode char U+02D8 (decimal 728)
   defining Unicode char U+02DD (decimal 733)
   defining Unicode char U+0E3F (decimal 3647)
   defining Unicode char U+2016 (decimal 8214)
   defining Unicode char U+2020 (decimal 8224)
   defining Unicode char U+2021 (decimal 8225)
   defining Unicode char U+2022 (decimal 8226)
   defining Unicode char U+2030 (decimal 8240)
   defining Unicode char U+2031 (decimal 8241)
   defining Unicode char U+203B (decimal 8251)
   defining Unicode char U+203D (decimal 8253)
   defining Unicode char U+2044 (decimal 8260)
   defining Unicode char U+204E (decimal 8270)
   defining Unicode char U+2052 (decimal 8274)
   defining Unicode char U+20A1 (decimal 8353)
   defining Unicode char U+20A4 (decimal 8356)
   defining Unicode char U+20A6 (decimal 8358)
   defining Unicode char U+20A9 (decimal 8361)
   defining Unicode char U+20AB (decimal 8363)
   defining Unicode char U+20AC (decimal 8364)
   defining Unicode char U+20B1 (decimal 8369)
   defining Unicode char U+2103 (decimal 8451)
   defining Unicode char U+2116 (decimal 8470)
   defining Unicode char U+2117 (decimal 8471)
   defining Unicode char U+211E (decimal 8478)
   defining Unicode char U+2120 (decimal 8480)
   defining Unicode char U+2122 (decimal 8482)
   defining Unicode char U+2126 (decimal 8486)
   defining Unicode char U+2127 (decimal 8487)
   defining Unicode char U+212E (decimal 8494)
   defining Unicode char U+2190 (decimal 8592)
   defining Unicode char U+2191 (decimal 8593)
   defining Unicode char U+2192 (decimal 8594)
   defining Unicode char U+2193 (decimal 8595)
   defining Unicode char U+2329 (decimal 9001)
   defining Unicode char U+232A (decimal 9002)
   defining Unicode char U+2422 (decimal 9250)
   defining Unicode char U+25E6 (decimal 9702)
   defining Unicode char U+25EF (decimal 9711)
   defining Unicode char U+266A (decimal 9834)
))
LaTeX Info: Redefining \oldstylenums on input line 266.
Package textcomp Info: Setting cmr sub-encoding to TS1/0 on input line 281.
Package textcomp Info: Setting cmss sub-encoding to TS1/0 on input line 282.
Package textcomp Info: Setting cmtt sub-encoding to TS1/0 on input line 283.
Package textcomp Info: Setting cmvtt sub-encoding to TS1/0 on input line 284.
Package textcomp Info: Setting cmbr sub-encoding to TS1/0 on input line 285.
Package textcomp Info: Setting cmtl sub-encoding to TS1/0 on input line 286.
Package textcomp Info: Setting ccr sub-encoding to TS1/0 on input line 287.
Package textcomp Info: Setting ptm sub-encoding to TS1/4 on input line 288.
Package textcomp Info: Setting pcr sub-encoding to TS1/4 on input line 289.
Package textcomp Info: Setting phv sub-encoding to TS1/4 on input line 290.
Package textcomp Info: Setting ppl sub-encoding to TS1/3 on input line 291.
Package textcomp Info: Setting pag sub-encoding to TS1/4 on input line 292.
Package textcomp Info: Setting pbk sub-encoding to TS1/4 on input line 293.
Package textcomp Info: Setting pnc sub-encoding to TS1/4 on input line 294.
Package textcomp Info: Setting pzc sub-encoding to TS1/4 on input line 295.
Package textcomp Info: Setting bch sub-encoding to TS1/4 on input line 296.
Package textcomp Info: Setting put sub-encoding to TS1/5 on input line 297.
Package textcomp Info: Setting uag sub-encoding to TS1/5 on input line 298.
Package textcomp Info: Setting ugq sub-encoding to TS1/5 on input line 299.
Package textcomp Info: Setting ul8 sub-encoding to TS1/4 on input line 300.
Package textcomp Info: Setting ul9 sub-encoding to TS1/4 on input line 301.
Package textcomp Info: Setting augie sub-encoding to TS1/5 on input line 302.
Package textcomp Info: Setting dayrom sub-encoding to TS1/3 on input line 303.
Package textcomp Info: Setting dayroms sub-encoding to TS1/3 on input line 304.

Package textcomp Info: Setting pxr sub-encoding to TS1/0 on input line 305.
Package textcomp Info: Setting pxss sub-encoding to TS1/0 on input line 306.
Package textcomp Info: Setting pxtt sub-encoding to TS1/0 on input line 307.
Package textcomp Info: Setting txr sub-encoding to TS1/0 on input line 308.
Package textcomp Info: Setting txss sub-encoding to TS1/0 on input line 309.
Package textcomp Info: Setting txtt sub-encoding to TS1/0 on input line 310.
Package textcomp Info: Setting lmr sub-encoding to TS1/0 on input line 311.
Package textcomp Info: Setting lmdh sub-encoding to TS1/0 on input line 312.
Package textcomp Info: Setting lmss sub-encoding to TS1/0 on input line 313.
Package textcomp Info: Setting lmssq sub-encoding to TS1/0 on input line 314.
Package textcomp Info: Setting lmvtt sub-encoding to TS1/0 on input line 315.
Package textcomp Info: Setting qhv sub-encoding to TS1/0 on input line 316.
Package textcomp Info: Setting qag sub-encoding to TS1/0 on input line 317.
Package textcomp Info: Setting qbk sub-encoding to TS1/0 on input line 318.
Package textcomp Info: Setting qcr sub-encoding to TS1/0 on input line 319.
Package textcomp Info: Setting qcs sub-encoding to TS1/0 on input line 320.
Package textcomp Info: Setting qpl sub-encoding to TS1/0 on input line 321.
Package textcomp Info: Setting qtm sub-encoding to TS1/0 on input line 322.
Package textcomp Info: Setting qzc sub-encoding to TS1/0 on input line 323.
Package textcomp Info: Setting qhvc sub-encoding to TS1/0 on input line 324.
Package textcomp Info: Setting futs sub-encoding to TS1/4 on input line 325.
Package textcomp Info: Setting futx sub-encoding to TS1/4 on input line 326.
Package textcomp Info: Setting futj sub-encoding to TS1/4 on input line 327.
Package textcomp Info: Setting hlh sub-encoding to TS1/3 on input line 328.
Package textcomp Info: Setting hls sub-encoding to TS1/3 on input line 329.
Package textcomp Info: Setting hlst sub-encoding to TS1/3 on input line 330.
Package textcomp Info: Setting hlct sub-encoding to TS1/5 on input line 331.
Package textcomp Info: Setting hlx sub-encoding to TS1/5 on input line 332.
Package textcomp Info: Setting hlce sub-encoding to TS1/5 on input line 333.
Package textcomp Info: Setting hlcn sub-encoding to TS1/5 on input line 334.
Package textcomp Info: Setting hlcw sub-encoding to TS1/5 on input line 335.
Package textcomp Info: Setting hlcf sub-encoding to TS1/5 on input line 336.
Package textcomp Info: Setting pplx sub-encoding to TS1/3 on input line 337.
Package textcomp Info: Setting pplj sub-encoding to TS1/3 on input line 338.
Package textcomp Info: Setting ptmx sub-encoding to TS1/4 on input line 339.
Package textcomp Info: Setting ptmj sub-encoding to TS1/4 on input line 340.
))
("C:\Program Files\MiKTeX 2.9\tex\latex\todonotes\todonotes.sty"
Package: todonotes 2012/07/25 .dtx Todonotes source and documentation.
Package: todonotes 2012/07/25

("C:\Program Files\MiKTeX 2.9\tex\latex\base\ifthen.sty"
Package: ifthen 2001/05/26 v1.1c Standard LaTeX ifthen package (DPC)
)
("C:\Program Files\MiKTeX 2.9\tex\latex\xkeyval\xkeyval.sty"
Package: xkeyval 2014/05/25 v2.7 package option processing (HA)

("C:\Program Files\MiKTeX 2.9\tex\generic\xkeyval\xkeyval.tex"
("C:\Program Files\MiKTeX 2.9\tex\generic\xkeyval\xkvutils.tex"
\XKV@toks=\toks30
\XKV@tempa@toks=\toks31
)
\XKV@depth=\count126
File: xkeyval.tex 2014/05/25 v2.7 key=value parser (HA)
))
("C:\Program Files\MiKTeX 2.9\tex\latex\pgf\frontendlayer\tikz.sty"
("C:\Program Files\MiKTeX 2.9\tex\latex\pgf\basiclayer\pgf.sty"
("C:\Program Files\MiKTeX 2.9\tex\latex\pgf\utilities\pgfrcs.sty"
("C:\Program Files\MiKTeX 2.9\tex\generic\pgf\utilities\pgfutil-common.tex"
\pgfutil@everybye=\toks32
\pgfutil@tempdima=\dimen141
\pgfutil@tempdimb=\dimen142

("C:\Program Files\MiKTeX 2.9\tex\generic\pgf\utilities\pgfutil-common-lists.te
x")) ("C:\Program Files\MiKTeX 2.9\tex\generic\pgf\utilities\pgfutil-latex.def"
\pgfutil@abb=\box36
("C:\Program Files\MiKTeX 2.9\tex\latex\ms\everyshi.sty"
Package: everyshi 2001/05/15 v3.00 EveryShipout Package (MS)
))
("C:\Program Files\MiKTeX 2.9\tex\generic\pgf\utilities\pgfrcs.code.tex"
Package: pgfrcs 2013/12/20 v3.0.0 (rcs-revision 1.28)
))
Package: pgf 2013/12/18 v3.0.0 (rcs-revision 1.14)

("C:\Program Files\MiKTeX 2.9\tex\latex\pgf\basiclayer\pgfcore.sty"
("C:\Program Files\MiKTeX 2.9\tex\latex\pgf\systemlayer\pgfsys.sty"
("C:\Program Files\MiKTeX 2.9\tex\generic\pgf\systemlayer\pgfsys.code.tex"
Package: pgfsys 2013/11/30 v3.0.0 (rcs-revision 1.47)

("C:\Program Files\MiKTeX 2.9\tex\generic\pgf\utilities\pgfkeys.code.tex"
\pgfkeys@pathtoks=\toks33
\pgfkeys@temptoks=\toks34

("C:\Program Files\MiKTeX 2.9\tex\generic\pgf\utilities\pgfkeysfiltered.code.te
x"
\pgfkeys@tmptoks=\toks35
))
\pgf@x=\dimen143
\pgf@y=\dimen144
\pgf@xa=\dimen145
\pgf@ya=\dimen146
\pgf@xb=\dimen147
\pgf@yb=\dimen148
\pgf@xc=\dimen149
\pgf@yc=\dimen150
\w@pgf@writea=\write4
\r@pgf@reada=\read1
\c@pgf@counta=\count127
\c@pgf@countb=\count128
\c@pgf@countc=\count129
\c@pgf@countd=\count130
\t@pgf@toka=\toks36
\t@pgf@tokb=\toks37
\t@pgf@tokc=\toks38
 ("C:\Program Files\MiKTeX 2.9\tex\generic\pgf\systemlayer\pgf.cfg"
File: pgf.cfg 2008/05/14  (rcs-revision 1.7)
)
Driver file for pgf: pgfsys-pdftex.def

("C:\Program Files\MiKTeX 2.9\tex\generic\pgf\systemlayer\pgfsys-pdftex.def"
File: pgfsys-pdftex.def 2013/07/18  (rcs-revision 1.33)

("C:\Program Files\MiKTeX 2.9\tex\generic\pgf\systemlayer\pgfsys-common-pdf.def
"
File: pgfsys-common-pdf.def 2013/10/10  (rcs-revision 1.13)
)))
("C:\Program Files\MiKTeX 2.9\tex\generic\pgf\systemlayer\pgfsyssoftpath.code.t
ex"
File: pgfsyssoftpath.code.tex 2013/09/09  (rcs-revision 1.9)
\pgfsyssoftpath@smallbuffer@items=\count131
\pgfsyssoftpath@bigbuffer@items=\count132
)
("C:\Program Files\MiKTeX 2.9\tex\generic\pgf\systemlayer\pgfsysprotocol.code.t
ex"
File: pgfsysprotocol.code.tex 2006/10/16  (rcs-revision 1.4)
)) ("C:\Program Files\MiKTeX 2.9\tex\generic\pgf\basiclayer\pgfcore.code.tex"
Package: pgfcore 2010/04/11 v3.0.0 (rcs-revision 1.7)
 ("C:\Program Files\MiKTeX 2.9\tex\generic\pgf\math\pgfmath.code.tex"
("C:\Program Files\MiKTeX 2.9\tex\generic\pgf\math\pgfmathcalc.code.tex"
("C:\Program Files\MiKTeX 2.9\tex\generic\pgf\math\pgfmathutil.code.tex")
("C:\Program Files\MiKTeX 2.9\tex\generic\pgf\math\pgfmathparser.code.tex"
\pgfmath@dimen=\dimen151
\pgfmath@count=\count133
\pgfmath@box=\box37
\pgfmath@toks=\toks39
\pgfmath@stack@operand=\toks40
\pgfmath@stack@operation=\toks41
)
("C:\Program Files\MiKTeX 2.9\tex\generic\pgf\math\pgfmathfunctions.code.tex"
("C:\Program Files\MiKTeX 2.9\tex\generic\pgf\math\pgfmathfunctions.basic.code.
tex")
("C:\Program Files\MiKTeX 2.9\tex\generic\pgf\math\pgfmathfunctions.trigonometr
ic.code.tex")
("C:\Program Files\MiKTeX 2.9\tex\generic\pgf\math\pgfmathfunctions.random.code
.tex")
("C:\Program Files\MiKTeX 2.9\tex\generic\pgf\math\pgfmathfunctions.comparison.
code.tex")
("C:\Program Files\MiKTeX 2.9\tex\generic\pgf\math\pgfmathfunctions.base.code.t
ex")
("C:\Program Files\MiKTeX 2.9\tex\generic\pgf\math\pgfmathfunctions.round.code.
tex")
("C:\Program Files\MiKTeX 2.9\tex\generic\pgf\math\pgfmathfunctions.misc.code.t
ex")
("C:\Program Files\MiKTeX 2.9\tex\generic\pgf\math\pgfmathfunctions.integerarit
hmetics.code.tex")))
("C:\Program Files\MiKTeX 2.9\tex\generic\pgf\math\pgfmathfloat.code.tex"
\c@pgfmathroundto@lastzeros=\count134
))
("C:\Program Files\MiKTeX 2.9\tex\generic\pgf\basiclayer\pgfcorepoints.code.tex
"
File: pgfcorepoints.code.tex 2013/10/07  (rcs-revision 1.27)
\pgf@picminx=\dimen152
\pgf@picmaxx=\dimen153
\pgf@picminy=\dimen154
\pgf@picmaxy=\dimen155
\pgf@pathminx=\dimen156
\pgf@pathmaxx=\dimen157
\pgf@pathminy=\dimen158
\pgf@pathmaxy=\dimen159
\pgf@xx=\dimen160
\pgf@xy=\dimen161
\pgf@yx=\dimen162
\pgf@yy=\dimen163
\pgf@zx=\dimen164
\pgf@zy=\dimen165
)
("C:\Program Files\MiKTeX 2.9\tex\generic\pgf\basiclayer\pgfcorepathconstruct.c
ode.tex"
File: pgfcorepathconstruct.code.tex 2013/10/07  (rcs-revision 1.29)
\pgf@path@lastx=\dimen166
\pgf@path@lasty=\dimen167
)
("C:\Program Files\MiKTeX 2.9\tex\generic\pgf\basiclayer\pgfcorepathusage.code.
tex"
File: pgfcorepathusage.code.tex 2013/12/13  (rcs-revision 1.23)
\pgf@shorten@end@additional=\dimen168
\pgf@shorten@start@additional=\dimen169
)
("C:\Program Files\MiKTeX 2.9\tex\generic\pgf\basiclayer\pgfcorescopes.code.tex
"
File: pgfcorescopes.code.tex 2013/10/09  (rcs-revision 1.44)
\pgfpic=\box38
\pgf@hbox=\box39
\pgf@layerbox@main=\box40
\pgf@picture@serial@count=\count135
)
("C:\Program Files\MiKTeX 2.9\tex\generic\pgf\basiclayer\pgfcoregraphicstate.co
de.tex"
File: pgfcoregraphicstate.code.tex 2013/09/19  (rcs-revision 1.11)
\pgflinewidth=\dimen170
)
("C:\Program Files\MiKTeX 2.9\tex\generic\pgf\basiclayer\pgfcoretransformations
.code.tex"
File: pgfcoretransformations.code.tex 2013/10/10  (rcs-revision 1.17)
\pgf@pt@x=\dimen171
\pgf@pt@y=\dimen172
\pgf@pt@temp=\dimen173
)
("C:\Program Files\MiKTeX 2.9\tex\generic\pgf\basiclayer\pgfcorequick.code.tex"
File: pgfcorequick.code.tex 2008/10/09  (rcs-revision 1.3)
)
("C:\Program Files\MiKTeX 2.9\tex\generic\pgf\basiclayer\pgfcoreobjects.code.te
x"
File: pgfcoreobjects.code.tex 2006/10/11  (rcs-revision 1.2)
)
("C:\Program Files\MiKTeX 2.9\tex\generic\pgf\basiclayer\pgfcorepathprocessing.
code.tex"
File: pgfcorepathprocessing.code.tex 2013/09/09  (rcs-revision 1.9)
)
("C:\Program Files\MiKTeX 2.9\tex\generic\pgf\basiclayer\pgfcorearrows.code.tex
"
File: pgfcorearrows.code.tex 2013/11/07  (rcs-revision 1.40)
\pgfarrowsep=\dimen174
)
("C:\Program Files\MiKTeX 2.9\tex\generic\pgf\basiclayer\pgfcoreshade.code.tex"
File: pgfcoreshade.code.tex 2013/07/15  (rcs-revision 1.15)
\pgf@max=\dimen175
\pgf@sys@shading@range@num=\count136
) ("C:\Program Files\MiKTeX 2.9\tex\generic\pgf\basiclayer\pgfcoreimage.code.te
x"
File: pgfcoreimage.code.tex 2013/07/15  (rcs-revision 1.18)

("C:\Program Files\MiKTeX 2.9\tex\generic\pgf\basiclayer\pgfcoreexternal.code.t
ex"
File: pgfcoreexternal.code.tex 2013/07/15  (rcs-revision 1.20)
\pgfexternal@startupbox=\box41
))
("C:\Program Files\MiKTeX 2.9\tex\generic\pgf\basiclayer\pgfcorelayers.code.tex
"
File: pgfcorelayers.code.tex 2013/07/18  (rcs-revision 1.7)
)
("C:\Program Files\MiKTeX 2.9\tex\generic\pgf\basiclayer\pgfcoretransparency.co
de.tex"
File: pgfcoretransparency.code.tex 2013/09/30  (rcs-revision 1.5)
)
("C:\Program Files\MiKTeX 2.9\tex\generic\pgf\basiclayer\pgfcorepatterns.code.t
ex"
File: pgfcorepatterns.code.tex 2013/11/07  (rcs-revision 1.5)
)))
("C:\Program Files\MiKTeX 2.9\tex\generic\pgf\modules\pgfmoduleshapes.code.tex"
File: pgfmoduleshapes.code.tex 2013/10/31  (rcs-revision 1.34)
\pgfnodeparttextbox=\box42
) ("C:\Program Files\MiKTeX 2.9\tex\generic\pgf\modules\pgfmoduleplot.code.tex"
File: pgfmoduleplot.code.tex 2013/07/31  (rcs-revision 1.12)
)
("C:\Program Files\MiKTeX 2.9\tex\latex\pgf\compatibility\pgfcomp-version-0-65.
sty"
Package: pgfcomp-version-0-65 2007/07/03 v3.0.0 (rcs-revision 1.7)
\pgf@nodesepstart=\dimen176
\pgf@nodesepend=\dimen177
)
("C:\Program Files\MiKTeX 2.9\tex\latex\pgf\compatibility\pgfcomp-version-1-18.
sty"
Package: pgfcomp-version-1-18 2007/07/23 v3.0.0 (rcs-revision 1.1)
)) ("C:\Program Files\MiKTeX 2.9\tex\latex\pgf\utilities\pgffor.sty"
("C:\Program Files\MiKTeX 2.9\tex\latex\pgf\utilities\pgfkeys.sty"
("C:\Program Files\MiKTeX 2.9\tex\generic\pgf\utilities\pgfkeys.code.tex"))
("C:\Program Files\MiKTeX 2.9\tex\latex\pgf\math\pgfmath.sty"
("C:\Program Files\MiKTeX 2.9\tex\generic\pgf\math\pgfmath.code.tex"))
("C:\Program Files\MiKTeX 2.9\tex\generic\pgf\utilities\pgffor.code.tex"
Package: pgffor 2013/12/13 v3.0.0 (rcs-revision 1.25)

("C:\Program Files\MiKTeX 2.9\tex\generic\pgf\math\pgfmath.code.tex")
\pgffor@iter=\dimen178
\pgffor@skip=\dimen179
\pgffor@stack=\toks42
\pgffor@toks=\toks43
))
("C:\Program Files\MiKTeX 2.9\tex\generic\pgf\frontendlayer\tikz\tikz.code.tex"
Package: tikz 2013/12/13 v3.0.0 (rcs-revision 1.142)

("C:\Program Files\MiKTeX 2.9\tex\generic\pgf\libraries\pgflibraryplothandlers.
code.tex"
File: pgflibraryplothandlers.code.tex 2013/08/31 v3.0.0 (rcs-revision 1.20)
\pgf@plot@mark@count=\count137
\pgfplotmarksize=\dimen180
)
\tikz@lastx=\dimen181
\tikz@lasty=\dimen182
\tikz@lastxsaved=\dimen183
\tikz@lastysaved=\dimen184
\tikzleveldistance=\dimen185
\tikzsiblingdistance=\dimen186
\tikz@figbox=\box43
\tikz@figbox@bg=\box44
\tikz@tempbox=\box45
\tikz@tempbox@bg=\box46
\tikztreelevel=\count138
\tikznumberofchildren=\count139
\tikznumberofcurrentchild=\count140
\tikz@fig@count=\count141

("C:\Program Files\MiKTeX 2.9\tex\generic\pgf\modules\pgfmodulematrix.code.tex"
File: pgfmodulematrix.code.tex 2013/09/17  (rcs-revision 1.8)
\pgfmatrixcurrentrow=\count142
\pgfmatrixcurrentcolumn=\count143
\pgf@matrix@numberofcolumns=\count144
)
\tikz@expandcount=\count145

("C:\Program Files\MiKTeX 2.9\tex\generic\pgf\frontendlayer\tikz\libraries\tikz
librarytopaths.code.tex"
File: tikzlibrarytopaths.code.tex 2008/06/17 v3.0.0 (rcs-revision 1.2)
)))
("C:\Program Files\MiKTeX 2.9\tex\generic\pgf\frontendlayer\tikz\libraries\tikz
librarypositioning.code.tex"
File: tikzlibrarypositioning.code.tex 2008/10/06 v3.0.0 (rcs-revision 1.7)
)
("C:\Program Files\MiKTeX 2.9\tex\latex\tools\calc.sty"
Package: calc 2007/08/22 v4.3 Infix arithmetic (KKT,FJ)
\calc@Acount=\count146
\calc@Bcount=\count147
\calc@Adimen=\dimen187
\calc@Bdimen=\dimen188
\calc@Askip=\skip59
\calc@Bskip=\skip60
LaTeX Info: Redefining \setlength on input line 75.
LaTeX Info: Redefining \addtolength on input line 76.
\calc@Ccount=\count148
\calc@Cskip=\skip61
)
\c@@todonotes@numberoftodonotes=\count149
)
("C:\Users\Tecno\Dropbox\[IFCE] Mestrado\Machine Learning\Trabalhos\Parzen\Parz
en - Gustavo\Trabalho\Relatorio_Parzen_GustavoSiebra.aux")
LaTeX Font Info:    Checking defaults for OML/cmm/m/it on input line 99.
LaTeX Font Info:    ... okay on input line 99.
LaTeX Font Info:    Checking defaults for T1/cmr/m/n on input line 99.
LaTeX Font Info:    ... okay on input line 99.
LaTeX Font Info:    Checking defaults for OT1/cmr/m/n on input line 99.
LaTeX Font Info:    ... okay on input line 99.
LaTeX Font Info:    Checking defaults for OMS/cmsy/m/n on input line 99.
LaTeX Font Info:    ... okay on input line 99.
LaTeX Font Info:    Checking defaults for OMX/cmex/m/n on input line 99.
LaTeX Font Info:    ... okay on input line 99.
LaTeX Font Info:    Checking defaults for U/cmr/m/n on input line 99.
LaTeX Font Info:    ... okay on input line 99.
LaTeX Font Info:    Checking defaults for TS1/cmr/m/n on input line 99.
LaTeX Font Info:    Try loading font information for TS1+cmr on input line 99.

("C:\Program Files\MiKTeX 2.9\tex\latex\base\ts1cmr.fd"
File: ts1cmr.fd 1999/05/25 v2.5h Standard LaTeX font definitions
)
LaTeX Font Info:    ... okay on input line 99.

("C:\Program Files\MiKTeX 2.9\tex\context\base\supp-pdf.mkii"
[Loading MPS to PDF converter (version 2006.09.02).]
\scratchcounter=\count150
\scratchdimen=\dimen189
\scratchbox=\box47
\nofMPsegments=\count151
\nofMParguments=\count152
\everyMPshowfont=\toks44
\MPscratchCnt=\count153
\MPscratchDim=\dimen190
\MPnumerator=\count154
\makeMPintoPDFobject=\count155
\everyMPtoPDFconversion=\toks45
)
\c@lstlisting=\count156
 ABD: EveryShipout initializing macros
Overfull \hbox (7.88615pt too wide) in paragraph at lines 135--137
\OT1/cmr/m/n/12 Esse tra-ba-lho e para com-por a nota na dis-ci-plina de Apren
-di-za-gem de Maquina.
 []

LaTeX Font Info:    Try loading font information for U+msa on input line 147.
("C:\Program Files\MiKTeX 2.9\tex\latex\amsfonts\umsa.fd"
File: umsa.fd 2013/01/14 v3.01 AMS symbols A
)
LaTeX Font Info:    Try loading font information for U+msb on input line 147.

("C:\Program Files\MiKTeX 2.9\tex\latex\amsfonts\umsb.fd"
File: umsb.fd 2013/01/14 v3.01 AMS symbols B
)
Overfull \hbox (4.64035pt too wide) in paragraph at lines 164--165
[]\OT1/cmr/m/n/12 Nessa base s~ao de-fi-ni-das 3 clas-ses ([]Iris Se-tosa, []Ir
is Ver-si-co-lor, []Iris Virgnica)
 []

Package epstopdf Info: Source file: <figure/myfig.eps>
(epstopdf)                    date: 2015-04-18 13:09:04
(epstopdf)                    size: 33385 bytes
(epstopdf)             Output file: <figure/myfig-eps-converted-to.pdf>
(epstopdf)                    date: 2015-05-28 12:21:28
(epstopdf)                    size: 36555 bytes
(epstopdf)             Command: <epstopdf --outfile=figure/myfig-eps-converted-
to.pdf figure/myfig.eps>
(epstopdf)             \includegraphics on input line 175.
Package epstopdf Info: Output file is already uptodate.
<figure/myfig-eps-converted-to.pdf, id=4, 492.84125pt x 391.4625pt>
File: figure/myfig-eps-converted-to.pdf Graphic file (type pdf)

<use figure/myfig-eps-converted-to.pdf>
Package pdftex.def Info: figure/myfig-eps-converted-to.pdf used on input line 1
75.
(pdftex.def)             Requested size: 322.41104pt x 256.0748pt.
 [1


{C:/ProgramData/MiKTeX/2.9/pdftex/config/pdftex.map}] [2 <C:/Users/Tecno/Dropbo
x/[IFCE] Mestrado/Machine Learning/Trabalhos/Parzen/Parzen - Gustavo/Trabalho/f
igure/myfig-eps-converted-to.pdf>]
[3]
Underfull \hbox (badness 10000) in paragraph at lines 218--219

 []


Underfull \hbox (badness 10000) in paragraph at lines 221--222

 []


Underfull \hbox (badness 10000) in paragraph at lines 223--224

 []


Underfull \hbox (badness 10000) in paragraph at lines 225--226

 []

[4]
Underfull \hbox (badness 10000) in paragraph at lines 229--230

 []


Underfull \hbox (badness 10000) in paragraph at lines 231--232

 []

<figure/flagJapan.jpg, id=34, 1606.0pt x 1003.75pt>
File: figure/flagJapan.jpg Graphic file (type jpg)
 <use figure/flagJapan.jpg>
Package pdftex.def Info: figure/flagJapan.jpg used on input line 250.
(pdftex.def)             Requested size: 155.99762pt x 97.48616pt.
Package epstopdf Info: Source file: <figure/segmentacaoJapao.eps>
(epstopdf)                    date: 2015-05-28 19:45:33
(epstopdf)                    size: 9847347 bytes
(epstopdf)             Output file: <figure/segmentacaoJapao-eps-converted-to.p
df>
(epstopdf)                    date: 2015-05-28 19:45:49
(epstopdf)                    size: 13369 bytes
(epstopdf)             Command: <epstopdf --outfile=figure/segmentacaoJapao-eps
-converted-to.pdf figure/segmentacaoJapao.eps>
(epstopdf)             \includegraphics on input line 251.
Package epstopdf Info: Output file is already uptodate.

<figure/segmentacaoJapao-eps-converted-to.pdf, id=35, 452.69125pt x 357.335pt>
File: figure/segmentacaoJapao-eps-converted-to.pdf Graphic file (type pdf)

<use figure/segmentacaoJapao-eps-converted-to.pdf>
Package pdftex.def Info: figure/segmentacaoJapao-eps-converted-to.pdf used on i
nput line 251.
(pdftex.def)             Requested size: 117.00119pt x 92.3542pt.
 [5]
<figure/flagEUA1.jpg, id=39, 1204.5pt x 752.8125pt>
File: figure/flagEUA1.jpg Graphic file (type jpg)
 <use figure/flagEUA1.jpg>
Package pdftex.def Info: figure/flagEUA1.jpg used on input line 260.
(pdftex.def)             Requested size: 155.99762pt x 97.48999pt.
Package epstopdf Info: Source file: <figure/segmentacaoEUA.eps>
(epstopdf)                    date: 2015-05-28 19:48:04
(epstopdf)                    size: 5542343 bytes
(epstopdf)             Output file: <figure/segmentacaoEUA-eps-converted-to.pdf
>
(epstopdf)                    date: 2015-05-28 19:48:19
(epstopdf)                    size: 41122 bytes
(epstopdf)             Command: <epstopdf --outfile=figure/segmentacaoEUA-eps-c
onverted-to.pdf figure/segmentacaoEUA.eps>
(epstopdf)             \includegraphics on input line 261.
Package epstopdf Info: Output file is already uptodate.

<figure/segmentacaoEUA-eps-converted-to.pdf, id=40, 452.69125pt x 357.335pt>
File: figure/segmentacaoEUA-eps-converted-to.pdf Graphic file (type pdf)

<use figure/segmentacaoEUA-eps-converted-to.pdf>
Package pdftex.def Info: figure/segmentacaoEUA-eps-converted-to.pdf used on inp
ut line 261.
(pdftex.def)             Requested size: 117.00119pt x 92.3542pt.

<figure/flagFrance.jpg, id=41, 998.73125pt x 702.625pt>
File: figure/flagFrance.jpg Graphic file (type jpg)

<use figure/flagFrance.jpg>
Package pdftex.def Info: figure/flagFrance.jpg used on input line 270.
(pdftex.def)             Requested size: 155.99762pt x 109.74199pt.
Package epstopdf Info: Source file: <figure/segmentacaoFrance.eps>
(epstopdf)                    date: 2015-05-28 19:46:21
(epstopdf)                    size: 4290820 bytes
(epstopdf)             Output file: <figure/segmentacaoFrance-eps-converted-to.
pdf>
(epstopdf)                    date: 2015-05-28 19:46:33
(epstopdf)                    size: 9668 bytes
(epstopdf)             Command: <epstopdf --outfile=figure/segmentacaoFrance-ep
s-converted-to.pdf figure/segmentacaoFrance.eps>
(epstopdf)             \includegraphics on input line 271.
Package epstopdf Info: Output file is already uptodate.

<figure/segmentacaoFrance-eps-converted-to.pdf, id=42, 452.69125pt x 357.335pt>
File: figure/segmentacaoFrance-eps-converted-to.pdf Graphic file (type pdf)
<use figure/segmentacaoFrance-eps-converted-to.pdf>
Package pdftex.def Info: figure/segmentacaoFrance-eps-converted-to.pdf used on 
input line 271.
(pdftex.def)             Requested size: 117.00119pt x 92.3542pt.
 [6 <C:/Users/Tecno/Dropbox/[IFCE] Mestrado/Machine Learning/Trabalhos/Parzen/P
arzen - Gustavo/Trabalho/figure/flagJapan.jpg> <C:/Users/Tecno/Dropbox/[IFCE] M
estrado/Machine Learning/Trabalhos/Parzen/Parzen - Gustavo/Trabalho/figure/segm
entacaoJapao-eps-converted-to.pdf> <C:/Users/Tecno/Dropbox/[IFCE] Mestrado/Mach
ine Learning/Trabalhos/Parzen/Parzen - Gustavo/Trabalho/figure/flagEUA1.jpg> <C
:/Users/Tecno/Dropbox/[IFCE] Mestrado/Machine Learning/Trabalhos/Parzen/Parzen 
- Gustavo/Trabalho/figure/segmentacaoEUA-eps-converted-to.pdf> <C:/Users/Tecno/
Dropbox/[IFCE] Mestrado/Machine Learning/Trabalhos/Parzen/Parzen - Gustavo/Trab
alho/figure/flagFrance.jpg> <C:/Users/Tecno/Dropbox/[IFCE] Mestrado/Machine Lea
rning/Trabalhos/Parzen/Parzen - Gustavo/Trabalho/figure/segmentacaoFrance-eps-c
onverted-to.pdf>]
Package epstopdf Info: Source file: <figure/parzen_h_05.eps>
(epstopdf)                    date: 2015-05-28 17:17:04
(epstopdf)                    size: 28009 bytes
(epstopdf)             Output file: <figure/parzen_h_05-eps-converted-to.pdf>
(epstopdf)                    date: 2015-05-28 17:23:23
(epstopdf)                    size: 14421 bytes
(epstopdf)             Command: <epstopdf --outfile=figure/parzen_h_05-eps-conv
erted-to.pdf figure/parzen_h_05.eps>
(epstopdf)             \includegraphics on input line 285.
Package epstopdf Info: Output file is already uptodate.

<figure/parzen_h_05-eps-converted-to.pdf, id=55, 502.87875pt x 388.45125pt>
File: figure/parzen_h_05-eps-converted-to.pdf Graphic file (type pdf)

<use figure/parzen_h_05-eps-converted-to.pdf>
Package pdftex.def Info: figure/parzen_h_05-eps-converted-to.pdf used on input 
line 285.
(pdftex.def)             Requested size: 155.99762pt x 120.50162pt.
Package epstopdf Info: Source file: <figure/parzen_h_1.eps>
(epstopdf)                    date: 2015-05-28 17:17:30
(epstopdf)                    size: 28408 bytes
(epstopdf)             Output file: <figure/parzen_h_1-eps-converted-to.pdf>
(epstopdf)                    date: 2015-05-28 17:23:34
(epstopdf)                    size: 14613 bytes
(epstopdf)             Command: <epstopdf --outfile=figure/parzen_h_1-eps-conve
rted-to.pdf figure/parzen_h_1.eps>
(epstopdf)             \includegraphics on input line 286.
Package epstopdf Info: Output file is already uptodate.

<figure/parzen_h_1-eps-converted-to.pdf, id=56, 502.87875pt x 387.4475pt>
File: figure/parzen_h_1-eps-converted-to.pdf Graphic file (type pdf)

<use figure/parzen_h_1-eps-converted-to.pdf>
Package pdftex.def Info: figure/parzen_h_1-eps-converted-to.pdf used on input l
ine 286.
(pdftex.def)             Requested size: 155.99762pt x 120.19025pt.
Package epstopdf Info: Source file: <figure/parzen_h_15.eps>
(epstopdf)                    date: 2015-05-28 17:17:48
(epstopdf)                    size: 28269 bytes
(epstopdf)             Output file: <figure/parzen_h_15-eps-converted-to.pdf>
(epstopdf)                    date: 2015-05-28 17:23:26
(epstopdf)                    size: 14413 bytes
(epstopdf)             Command: <epstopdf --outfile=figure/parzen_h_15-eps-conv
erted-to.pdf figure/parzen_h_15.eps>
(epstopdf)             \includegraphics on input line 287.
Package epstopdf Info: Output file is already uptodate.

<figure/parzen_h_15-eps-converted-to.pdf, id=57, 496.85625pt x 387.4475pt>
File: figure/parzen_h_15-eps-converted-to.pdf Graphic file (type pdf)

<use figure/parzen_h_15-eps-converted-to.pdf>
Package pdftex.def Info: figure/parzen_h_15-eps-converted-to.pdf used on input 
line 287.
(pdftex.def)             Requested size: 155.99762pt x 121.64459pt.
Package epstopdf Info: Source file: <figure/parzen_h_2.eps>
(epstopdf)                    date: 2015-05-28 17:18:18
(epstopdf)                    size: 28150 bytes
(epstopdf)             Output file: <figure/parzen_h_2-eps-converted-to.pdf>
(epstopdf)                    date: 2015-05-28 17:21:32
(epstopdf)                    size: 14684 bytes
(epstopdf)             Command: <epstopdf --outfile=figure/parzen_h_2-eps-conve
rted-to.pdf figure/parzen_h_2.eps>
(epstopdf)             \includegraphics on input line 288.
Package epstopdf Info: Output file is already uptodate.

<figure/parzen_h_2-eps-converted-to.pdf, id=58, 496.85625pt x 387.4475pt>
File: figure/parzen_h_2-eps-converted-to.pdf Graphic file (type pdf)

<use figure/parzen_h_2-eps-converted-to.pdf>
Package pdftex.def Info: figure/parzen_h_2-eps-converted-to.pdf used on input l
ine 288.
(pdftex.def)             Requested size: 155.99762pt x 121.64459pt.
Package epstopdf Info: Source file: <figure/derme_parzen_h_05.eps>
(epstopdf)                    date: 2015-05-28 17:29:05
(epstopdf)                    size: 28282 bytes
(epstopdf)             Output file: <figure/derme_parzen_h_05-eps-converted-to.
pdf>
(epstopdf)                    date: 2015-05-28 17:31:34
(epstopdf)                    size: 14464 bytes
(epstopdf)             Command: <epstopdf --outfile=figure/derme_parzen_h_05-ep
s-converted-to.pdf figure/derme_parzen_h_05.eps>
(epstopdf)             \includegraphics on input line 297.
Package epstopdf Info: Output file is already uptodate.

<figure/derme_parzen_h_05-eps-converted-to.pdf, id=59, 502.87875pt x 387.4475pt
>
File: figure/derme_parzen_h_05-eps-converted-to.pdf Graphic file (type pdf)
 <use figure/derme_parzen_h_05-eps-converted-to.pdf>
Package pdftex.def Info: figure/derme_parzen_h_05-eps-converted-to.pdf used on 
input line 297.
(pdftex.def)             Requested size: 155.99762pt x 120.19025pt.
Package epstopdf Info: Source file: <figure/derme_parzen_h_1.eps>
(epstopdf)                    date: 2015-05-28 17:30:16
(epstopdf)                    size: 28405 bytes
(epstopdf)             Output file: <figure/derme_parzen_h_1-eps-converted-to.p
df>
(epstopdf)                    date: 2015-05-28 17:31:36
(epstopdf)                    size: 14454 bytes
(epstopdf)             Command: <epstopdf --outfile=figure/derme_parzen_h_1-eps
-converted-to.pdf figure/derme_parzen_h_1.eps>
(epstopdf)             \includegraphics on input line 298.
Package epstopdf Info: Output file is already uptodate.

<figure/derme_parzen_h_1-eps-converted-to.pdf, id=60, 502.87875pt x 387.4475pt>
File: figure/derme_parzen_h_1-eps-converted-to.pdf Graphic file (type pdf)
<use figure/derme_parzen_h_1-eps-converted-to.pdf>
Package pdftex.def Info: figure/derme_parzen_h_1-eps-converted-to.pdf used on i
nput line 298.
(pdftex.def)             Requested size: 155.99762pt x 120.19025pt.
Package epstopdf Info: Source file: <figure/derme_parzen_h_15.eps>
(epstopdf)                    date: 2015-05-28 17:29:36
(epstopdf)                    size: 28024 bytes
(epstopdf)             Output file: <figure/derme_parzen_h_15-eps-converted-to.
pdf>
(epstopdf)                    date: 2015-05-28 17:32:11
(epstopdf)                    size: 14448 bytes
(epstopdf)             Command: <epstopdf --outfile=figure/derme_parzen_h_15-ep
s-converted-to.pdf figure/derme_parzen_h_15.eps>
(epstopdf)             \includegraphics on input line 299.
Package epstopdf Info: Output file is already uptodate.

<figure/derme_parzen_h_15-eps-converted-to.pdf, id=61, 502.87875pt x 388.45125p
t>
File: figure/derme_parzen_h_15-eps-converted-to.pdf Graphic file (type pdf)
 <use figure/derme_parzen_h_15-eps-converted-to.pdf>
Package pdftex.def Info: figure/derme_parzen_h_15-eps-converted-to.pdf used on 
input line 299.
(pdftex.def)             Requested size: 155.99762pt x 120.50162pt.
Package epstopdf Info: Source file: <figure/derme_parzen_h_2.eps>
(epstopdf)                    date: 2015-05-28 17:30:41
(epstopdf)                    size: 27759 bytes
(epstopdf)             Output file: <figure/derme_parzen_h_2-eps-converted-to.p
df>
(epstopdf)                    date: 2015-05-28 17:31:44
(epstopdf)                    size: 14414 bytes
(epstopdf)             Command: <epstopdf --outfile=figure/derme_parzen_h_2-eps
-converted-to.pdf figure/derme_parzen_h_2.eps>
(epstopdf)             \includegraphics on input line 300.
Package epstopdf Info: Output file is already uptodate.

<figure/derme_parzen_h_2-eps-converted-to.pdf, id=62, 502.87875pt x 387.4475pt>
File: figure/derme_parzen_h_2-eps-converted-to.pdf Graphic file (type pdf)
<use figure/derme_parzen_h_2-eps-converted-to.pdf>
Package pdftex.def Info: figure/derme_parzen_h_2-eps-converted-to.pdf used on i
nput line 300.
(pdftex.def)             Requested size: 155.99762pt x 120.19025pt.
 [7 <C:/Users/Tecno/Dropbox/[IFCE] Mestrado/Machine Learning/Trabalhos/Parzen/P
arzen - Gustavo/Trabalho/figure/parzen_h_05-eps-converted-to.pdf> <C:/Users/Tec
no/Dropbox/[IFCE] Mestrado/Machine Learning/Trabalhos/Parzen/Parzen - Gustavo/T
rabalho/figure/parzen_h_1-eps-converted-to.pdf> <C:/Users/Tecno/Dropbox/[IFCE] 
Mestrado/Machine Learning/Trabalhos/Parzen/Parzen - Gustavo/Trabalho/figure/par
zen_h_15-eps-converted-to.pdf> <C:/Users/Tecno/Dropbox/[IFCE] Mestrado/Machine 
Learning/Trabalhos/Parzen/Parzen - Gustavo/Trabalho/figure/parzen_h_2-eps-conve
rted-to.pdf>]
Package epstopdf Info: Source file: <figure/decisionboundary_12.eps>
(epstopdf)                    date: 2015-05-30 11:29:43
(epstopdf)                    size: 6541992 bytes
(epstopdf)             Output file: <figure/decisionboundary_12-eps-converted-t
o.pdf>
(epstopdf)                    date: 2015-05-28 18:34:06
(epstopdf)                    size: 18305 bytes
(epstopdf)             Command: <epstopdf --outfile=figure/decisionboundary_12-
eps-converted-to.pdf figure/decisionboundary_12.eps>
(epstopdf)             \includegraphics on input line 318.
runsystem(epstopdf --outfile=figure/decisionboundary_12-eps-converted-to.pdf fi
gure/decisionboundary_12.eps)...executed (allowed).

Package epstopdf Info: Result file: <figure/decisionboundary_12-eps-converted-t
o.pdf>
(epstopdf)                    date: 2015-05-30 11:30:56
(epstopdf)                    size: 29402 bytes.

<figure/decisionboundary_12-eps-converted-to.pdf, id=83, 476.78125pt x 379.4175
pt>
File: figure/decisionboundary_12-eps-converted-to.pdf Graphic file (type pdf)
 <use figure/decisionboundary_12-eps-converted-to.pdf>
Package pdftex.def Info: figure/decisionboundary_12-eps-converted-to.pdf used o
n input line 318.
(pdftex.def)             Requested size: 117.00119pt x 93.10573pt.
Package epstopdf Info: Source file: <figure/decisionboundary_13.eps>
(epstopdf)                    date: 2015-05-30 11:29:53
(epstopdf)                    size: 6541992 bytes
(epstopdf)             Output file: <figure/decisionboundary_13-eps-converted-t
o.pdf>
(epstopdf)                    date: 2015-05-28 18:34:11
(epstopdf)                    size: 17626 bytes
(epstopdf)             Command: <epstopdf --outfile=figure/decisionboundary_13-
eps-converted-to.pdf figure/decisionboundary_13.eps>
(epstopdf)             \includegraphics on input line 319.
runsystem(epstopdf --outfile=figure/decisionboundary_13-eps-converted-to.pdf fi
gure/decisionboundary_13.eps)...executed (allowed).

Package epstopdf Info: Result file: <figure/decisionboundary_13-eps-converted-t
o.pdf>
(epstopdf)                    date: 2015-05-30 11:31:01
(epstopdf)                    size: 26931 bytes.

<figure/decisionboundary_13-eps-converted-to.pdf, id=84, 476.78125pt x 379.4175
pt>
File: figure/decisionboundary_13-eps-converted-to.pdf Graphic file (type pdf)
 <use figure/decisionboundary_13-eps-converted-to.pdf>
Package pdftex.def Info: figure/decisionboundary_13-eps-converted-to.pdf used o
n input line 319.
(pdftex.def)             Requested size: 117.00119pt x 93.10573pt.
Package epstopdf Info: Source file: <figure/decisionboundary_14.eps>
(epstopdf)                    date: 2015-05-30 11:30:05
(epstopdf)                    size: 6541992 bytes
(epstopdf)             Output file: <figure/decisionboundary_14-eps-converted-t
o.pdf>
(epstopdf)                    date: 2015-05-28 18:34:19
(epstopdf)                    size: 17644 bytes
(epstopdf)             Command: <epstopdf --outfile=figure/decisionboundary_14-
eps-converted-to.pdf figure/decisionboundary_14.eps>
(epstopdf)             \includegraphics on input line 320.
runsystem(epstopdf --outfile=figure/decisionboundary_14-eps-converted-to.pdf fi
gure/decisionboundary_14.eps)...executed (allowed).

Package epstopdf Info: Result file: <figure/decisionboundary_14-eps-converted-t
o.pdf>
(epstopdf)                    date: 2015-05-30 11:31:05
(epstopdf)                    size: 26417 bytes.

<figure/decisionboundary_14-eps-converted-to.pdf, id=85, 476.78125pt x 379.4175
pt>
File: figure/decisionboundary_14-eps-converted-to.pdf Graphic file (type pdf)
 <use figure/decisionboundary_14-eps-converted-to.pdf>
Package pdftex.def Info: figure/decisionboundary_14-eps-converted-to.pdf used o
n input line 320.
(pdftex.def)             Requested size: 117.00119pt x 93.10573pt.
Package epstopdf Info: Source file: <figure/decisionboundary_23.eps>
(epstopdf)                    date: 2015-05-30 11:30:17
(epstopdf)                    size: 6541992 bytes
(epstopdf)             Output file: <figure/decisionboundary_23-eps-converted-t
o.pdf>
(epstopdf)                    date: 2015-05-28 18:34:25
(epstopdf)                    size: 16919 bytes
(epstopdf)             Command: <epstopdf --outfile=figure/decisionboundary_23-
eps-converted-to.pdf figure/decisionboundary_23.eps>
(epstopdf)             \includegraphics on input line 321.
runsystem(epstopdf --outfile=figure/decisionboundary_23-eps-converted-to.pdf fi
gure/decisionboundary_23.eps)...executed (allowed).

Package epstopdf Info: Result file: <figure/decisionboundary_23-eps-converted-t
o.pdf>
(epstopdf)                    date: 2015-05-30 11:31:11
(epstopdf)                    size: 26246 bytes.

<figure/decisionboundary_23-eps-converted-to.pdf, id=86, 476.78125pt x 379.4175
pt>
File: figure/decisionboundary_23-eps-converted-to.pdf Graphic file (type pdf)
 <use figure/decisionboundary_23-eps-converted-to.pdf>
Package pdftex.def Info: figure/decisionboundary_23-eps-converted-to.pdf used o
n input line 321.
(pdftex.def)             Requested size: 117.00119pt x 93.10573pt.
Package epstopdf Info: Source file: <figure/decisionboundary_24.eps>
(epstopdf)                    date: 2015-05-30 11:30:30
(epstopdf)                    size: 6541992 bytes
(epstopdf)             Output file: <figure/decisionboundary_24-eps-converted-t
o.pdf>
(epstopdf)                    date: 2015-05-28 18:34:31
(epstopdf)                    size: 16901 bytes
(epstopdf)             Command: <epstopdf --outfile=figure/decisionboundary_24-
eps-converted-to.pdf figure/decisionboundary_24.eps>
(epstopdf)             \includegraphics on input line 322.
runsystem(epstopdf --outfile=figure/decisionboundary_24-eps-converted-to.pdf fi
gure/decisionboundary_24.eps)...executed (allowed).

Package epstopdf Info: Result file: <figure/decisionboundary_24-eps-converted-t
o.pdf>
(epstopdf)                    date: 2015-05-30 11:31:16
(epstopdf)                    size: 25182 bytes.

<figure/decisionboundary_24-eps-converted-to.pdf, id=87, 476.78125pt x 379.4175
pt>
File: figure/decisionboundary_24-eps-converted-to.pdf Graphic file (type pdf)
 <use figure/decisionboundary_24-eps-converted-to.pdf>
Package pdftex.def Info: figure/decisionboundary_24-eps-converted-to.pdf used o
n input line 322.
(pdftex.def)             Requested size: 117.00119pt x 93.10573pt.
Package epstopdf Info: Source file: <figure/decisionboundary_34.eps>
(epstopdf)                    date: 2015-05-30 11:30:43
(epstopdf)                    size: 6541992 bytes
(epstopdf)             Output file: <figure/decisionboundary_34-eps-converted-t
o.pdf>
(epstopdf)                    date: 2015-05-28 18:34:38
(epstopdf)                    size: 17185 bytes
(epstopdf)             Command: <epstopdf --outfile=figure/decisionboundary_34-
eps-converted-to.pdf figure/decisionboundary_34.eps>
(epstopdf)             \includegraphics on input line 323.
runsystem(epstopdf --outfile=figure/decisionboundary_34-eps-converted-to.pdf fi
gure/decisionboundary_34.eps)...executed (allowed).

Package epstopdf Info: Result file: <figure/decisionboundary_34-eps-converted-t
o.pdf>
(epstopdf)                    date: 2015-05-30 11:31:20
(epstopdf)                    size: 25071 bytes.

<figure/decisionboundary_34-eps-converted-to.pdf, id=88, 476.78125pt x 379.4175
pt>
File: figure/decisionboundary_34-eps-converted-to.pdf Graphic file (type pdf)
 <use figure/decisionboundary_34-eps-converted-to.pdf>
Package pdftex.def Info: figure/decisionboundary_34-eps-converted-to.pdf used o
n input line 323.
(pdftex.def)             Requested size: 117.00119pt x 93.10573pt.
 [8 <C:/Users/Tecno/Dropbox/[IFCE] Mestrado/Machine Learning/Trabalhos/Parzen/P
arzen - Gustavo/Trabalho/figure/derme_parzen_h_05-eps-converted-to.pdf> <C:/Use
rs/Tecno/Dropbox/[IFCE] Mestrado/Machine Learning/Trabalhos/Parzen/Parzen - Gus
tavo/Trabalho/figure/derme_parzen_h_1-eps-converted-to.pdf> <C:/Users/Tecno/Dro
pbox/[IFCE] Mestrado/Machine Learning/Trabalhos/Parzen/Parzen - Gustavo/Trabalh
o/figure/derme_parzen_h_15-eps-converted-to.pdf> <C:/Users/Tecno/Dropbox/[IFCE]
 Mestrado/Machine Learning/Trabalhos/Parzen/Parzen - Gustavo/Trabalho/figure/de
rme_parzen_h_2-eps-converted-to.pdf>] [9 <C:/Users/Tecno/Dropbox/[IFCE] Mestrad
o/Machine Learning/Trabalhos/Parzen/Parzen - Gustavo/Trabalho/figure/decisionbo
undary_12-eps-converted-to.pdf> <C:/Users/Tecno/Dropbox/[IFCE] Mestrado/Machine
 Learning/Trabalhos/Parzen/Parzen - Gustavo/Trabalho/figure/decisionboundary_13
-eps-converted-to.pdf> <C:/Users/Tecno/Dropbox/[IFCE] Mestrado/Machine Learning
/Trabalhos/Parzen/Parzen - Gustavo/Trabalho/figure/decisionboundary_14-eps-conv
erted-to.pdf> <C:/Users/Tecno/Dropbox/[IFCE] Mestrado/Machine Learning/Trabalho
s/Parzen/Parzen - Gustavo/Trabalho/figure/decisionboundary_23-eps-converted-to.
pdf> <C:/Users/Tecno/Dropbox/[IFCE] Mestrado/Machine Learning/Trabalhos/Parzen/
Parzen - Gustavo/Trabalho/figure/decisionboundary_24-eps-converted-to.pdf> <C:/
Users/Tecno/Dropbox/[IFCE] Mestrado/Machine Learning/Trabalhos/Parzen/Parzen - 
Gustavo/Trabalho/figure/decisionboundary_34-eps-converted-to.pdf>] [10]
("C:\Users\Tecno\Dropbox\[IFCE] Mestrado\Machine Learning\Trabalhos\Parzen\Parz
en - Gustavo\Trabalho\Relatorio_Parzen_GustavoSiebra.aux") ) 
Here is how much of TeX's memory you used:
 16354 strings out of 493706
 301686 string characters out of 3144583
 343735 words of memory out of 3000000
 19285 multiletter control sequences out of 15000+200000
 12659 words of font info for 48 fonts, out of 3000000 for 9000
 1025 hyphenation exceptions out of 8191
 62i,13n,56p,1149b,326s stack positions out of 5000i,500n,10000p,200000b,50000s
{C:/Program Files/M
iKTeX 2.9/fonts/enc/dvips/cm-super/cm-super-ts1.enc}<C:/Program Files/MiKTeX 2.
9/fonts/type1/public/amsfonts/cm/cmbx12.pfb><C:/Program Files/MiKTeX 2.9/fonts/
type1/public/amsfonts/cm/cmex10.pfb><C:/Program Files/MiKTeX 2.9/fonts/type1/pu
blic/amsfonts/cm/cmmi12.pfb><C:/Program Files/MiKTeX 2.9/fonts/type1/public/ams
fonts/cm/cmmi8.pfb><C:/Program Files/MiKTeX 2.9/fonts/type1/public/amsfonts/cm/
cmr10.pfb><C:/Program Files/MiKTeX 2.9/fonts/type1/public/amsfonts/cm/cmr12.pfb
><C:/Program Files/MiKTeX 2.9/fonts/type1/public/amsfonts/cm/cmr17.pfb><C:/Prog
ram Files/MiKTeX 2.9/fonts/type1/public/amsfonts/cm/cmr8.pfb><C:/Program Files/
MiKTeX 2.9/fonts/type1/public/amsfonts/cm/cmsy10.pfb><C:/Program Files/MiKTeX 2
.9/fonts/type1/public/amsfonts/cm/cmti10.pfb><C:/Program Files/MiKTeX 2.9/fonts
/type1/public/amsfonts/cm/cmti12.pfb><C:/Program Files/MiKTeX 2.9/fonts/type1/p
ublic/amsfonts/cm/cmti7.pfb><C:/Program Files/MiKTeX 2.9/fonts/type1/public/cm-
super/sfrm1200.pfb>
Output written on Relatorio_Parzen_GustavoSiebra.pdf (10 pages, 1860834 bytes).

PDF statistics:
 210 PDF objects out of 1000 (max. 8388607)
 0 named destinations out of 1000 (max. 500000)
 118 words of extra memory for PDF output out of 10000 (max. 10000000)

